SF:lib/features/product/data/models/medical_model.dart
DA:11,0
DA:19,0
DA:20,0
DA:21,0
DA:24,0
DA:25,0
DA:26,0
DA:31,0
DA:39,0
DA:40,0
DA:41,0
DA:44,0
DA:45,0
DA:46,0
DA:51,0
DA:69,0
DA:70,0
DA:71,0
DA:72,0
DA:73,0
DA:74,0
DA:75,0
DA:76,0
DA:79,0
DA:80,0
DA:81,0
DA:82,0
DA:83,0
DA:84,0
DA:85,0
DA:86,0
DA:91,0
DA:97,0
DA:98,0
DA:101,0
DA:102,0
DA:107,0
DA:119,0
DA:120,0
DA:121,0
DA:122,0
DA:123,0
DA:126,0
DA:127,0
DA:128,0
DA:129,0
DA:130,0
LF:47
LH:0
end_of_record
SF:lib/features/product/data/repositories/product_repository.dart
DA:8,0
DA:12,0
DA:14,0
DA:15,0
DA:17,0
DA:22,0
DA:23,0
DA:24,0
LF:8
LH:0
end_of_record
SF:lib/features/product/presentation/pages/product_page_controller.dart
DA:9,1
DA:11,1
DA:12,1
DA:15,1
DA:16,1
DA:17,2
DA:18,2
DA:19,3
DA:20,2
DA:25,0
DA:26,0
DA:27,0
DA:28,0
DA:29,0
LF:14
LH:9
end_of_record
SF:lib/features/product/data/data_sources/product_remote_data_source.dart
DA:10,0
DA:11,0
DA:14,0
DA:19,0
DA:20,0
DA:23,0
DA:27,0
DA:28,0
LF:8
LH:0
end_of_record
